Arguments: 
  C:\Program Files\nodejs\node.exe C:\Users\祥文\AppData\Roaming\npm\node_modules\yarn\bin\yarn.js add react-native --exact

PATH: 
  C:\ProgramData\Oracle\Java\javapath;C:\Windows\system32;C:\Windows;C:\Windows\System32\Wbem;C:\Windows\System32\WindowsPowerShell\v1.0\;C:\Program Files\nodejs\;C:\Program Files\Git\cmd;C:\Program Files (x86)\Microsoft VS Code\bin;C:\Users\祥文\AppData\Roaming\npm;C:\Users\xiangwen\AppData\Local\Android\sdk\platform-tools;C:\Users\xiangwen\AppData\Local\Android\sdk\tools

Yarn version: 
  0.18.1

Node version: 
  7.2.0

Platform: 
  win32 x64

npm manifest: 
  {"name":"BabyDairy","version":"0.0.1","private":true,"scripts":{"start":"node node_modules/react-native/local-cli/cli.js start"}}

yarn manifest: 
  No manifest

Lockfile: 
  No lockfile

Trace: 
  Error: connect ETIMEDOUT 104.16.63.173:443
      at Object.exports._errnoException (util.js:1022:11)
      at exports._exceptionWithHostPort (util.js:1045:20)
      at TCPConnectWrap.afterConnect [as oncomplete] (net.js:1090:14)
